0rz.tw
1-url.net
126.am
1link.in
1tk.us
1un.fr
1url.com
1url.cz
1wb2.net
2.gp
2.ht
23o.net
2big.at
2doc.net
2fear.com
2pl.us
2tu.us
2ty.in
2u.xf.cz
2ya.com
301.li
3ra.be
3x.si
4i.ae
4view.me
5url.net
5z8.info
6fr.ru
6g6.eu
6url.com
7.ly
76.gd
77.ai
7fth.cc
7li.in
7vd.cn
8u.cz
98.to
a.co
a.gg
a.nf
a0.fr
a2a.me
abbrr.com
ad-med.cz
ad5.eu
ad7.biz
adb.ug
adcraft.co
adcrun.ch
adf.ly
adfa.st
adflav.com
adfly.fr
adfoc.us
adjix.com
admy.link
adv.li
ajn.me
aka.gr
al.ly
alturl.com
alturl.com
amzn.to
anon.to
any.gs
ares.tl
asso.in
atu.ca
au.ms
ayt.fr
azali.fr
b00.fr
b23.ru
b54.in
bacn.me
baid.us
bc.vc
bee4.biz
bigly.us
bim.im
bit.do
bit.ly
bitly.com
bitw.in
bkite.com
blap.net
ble.pl
blip.tv
bloat.me
boi.re
bote.me
bougn.at
brk.to
brzu.net
budurl.co
budurl.com
budurl.com
buff.ly
buff.ly
buk.me
bul.lu
burnurl.com
burnurl.com
buzurl.com
bxl.me
bzh.me
c-o.in
c-o.in
catchylink.com
cbug.cc
cc.cc
ccj.im
cektkp.com
cf.ly
cf2.me
cf6.co
chilp.it
cjb.net
clck.ru
cli.gs
clickmeter.com
clickmeter.com
clikk.in
coinurl.com
cort.as
couic.fr
cr.tl
cudder.it
cur.lv
cut.sk
cutt.eu
cutt.us
cutu.me
cuturl.com
cybr.fr
cyonix.to
daa.pl
dai.ly
db.tt
dd.ma
ddp.net
decenturl.com
decenturl.com
deck.ly
dfl8.me
dft.ba
digbig.com
digbig.com
digg.com
digg.com
doiop.com
dolp.cc
dopice.sk
droid.ws
dv.gd
dwarfurl.com
dwarfurl.com
dy.fi
dyo.gs
easyuri.com
easyuri.com
easyurl.net
easyurl.net
ecra.se
eepurl.com
ely.re
erw.cz
esyurl.com
esyurl.com
ewerl.com
ex9.co
ezurl.cc
fa.b
fave.co
ff.im
fff.re
fff.to
fff.wf
fhurl.com
fhurl.com
filoops.info
filz.fr
fire.to
firsturl.de
flic.kr
fly2.ws
fly2.ws
fnk.es
foe.hn
folu.me
fon.gs
freze.it
fun.ly
fur.ly
fwd4.me
fzy.co
g00.me
gg.gg
git.io
gl.am
go.9nl.com
go2.me
go2cut.com
gog.li
golinks.co
goo.lu
good.ly
goshrink.com
gowat.ch
gowat.ch
grem.io
gri.ms
gurl.es
hadej.co
hec.su
hellotxt.com
hex.io
hide.my
hit.my
hjkl.fr
hootsuite.com
hops.me
hover.com
href.in
href.li
href.re
hrf.re
ht.ly
htxt.it
hugeurl.com
hurl.it
hurl.it
hurl.me
hurl.ws
i-2.co
ibty.co
icanhaz.com
icit.fr
ick.li
icks.ro
id.tl
idek.net
iiiii.in
iky.fr
ilix.in
info.ms
inreply.to
is.gd
iscool.net
iscool.net
isra.li
iterasi.net
itm.im
ity.im
ix.sk
j.gs
j.mp
jdem.cz
jijr.com
jmp2.net
jp22.net
jqw.de
just.as
just.as
kask.us
kd2.org
kfd.pl
ki.ms
kissa.be
kl.am
klck.me
korta.nu
kr3w.de
krat.si
kratsi.cz
krod.cz
krunchd.com
kuc.cz
kuku.lu
kxb.me
l-k.be
l.gg
l9.fr
l9.fr
lc-s.co
lc.cx
lcut.in
letop10.
libero.it
lien.li
liip.to
liltext.com
lin.cr
lin.io
link.zip.net
linkbee.com
linkbun.ch
linkn.co
linkshortener.org
linkto.im
linku.in
liurl.cn
llu.ch
ln-s.net
ln-s.ru
lnk.co
lnk.gd
lnk.in
lnk.ly
lnk.sk
lnkd.in
lnked.in
lnks.fr
lnp.sn
loopt.us
lru.jp
lt.tl
lurl.no
lvvk.com
lvvk.com
lynk.my
m1p.fr
m3mi.com
mcaf.ee
mdl29.net
metamark.net
mic.fr
migre.me
minilien.com
miniurl.com
minu.me
minurl.fr
moourl.com
more.sh
murl.com
mut.lu
myurl.in
myurl.in
ne1.net
ne8.org
net.ms
net46.net
netz.ly
nicou.ch
nig.gr
njx.me
notlong.com
nov.io
nq.st
nsfw.in
nxto.be
nxy.in
o-x.fr
okok.fr
om.ly
ou.af
ou.gd
oua.be
ouo.io
ow.ly
p.pw
p6l.org
para.pt
parky.tv
past.is
pd.am
pdh.co
pgj.cc
ph.dog
ph.ly
pic.gd
pich.in
picz.us
pin.st
ping.fm
piurl.com
piurl.com
plots.fr
plu.sh
pm.wu.cz
pnt.me
po.st
poprl.com
post.ly
posted.at
ppfr.it
ppst.me
ppt.cc
ppt.li
prejit.cz
prettylinkpro.com
profile.to
profile.to
ptab.it
ptm.ro
py6.ru
q.gs
qbn.ru
qicute.com
qlnk.net
qlnk.net
qqc.co
qr.ae
qr.net
qrtag.fr
quip-art.com
quip-art.com
qxp.cz
qxp.sk
rb6.co
rb6.me
rcknr.io
rdz.me
rebrand.ly
rebrandly.com
redir.ec
redir.fr
redirx.com
redirx.com
redu.it
ref.so
reise.lc
relink.fr
ri.ms
rickroll.it
riz.cz
rod.gs
rsmonkey.com
rt.se
rt.tc
ru.ly
rubyurl.com
s-url.fr
s.id
s7y.us
safe.mn
scrnch.me
sdu.sk
seeme.at
segue.se
sh.st
shar.as
sharein.com
sharein.com
sharetabs.com
sho.rt
shorl.com
short.cc
short.cm
short.ie
short.pk
short.to
shorte.st
shorten.me
shortlinks.co.uk
shortlinks.co.uk
shortna.me
shortquik.com
shortswitch.com
shorturl.com
shoturl.us
shrinkee.com
shrinkify.com
shrinkify.com
shrinkster.com
shrinkurl.in
shrt.in
shrt.st
shrten.com
shrunkin.com
shw.me
sicax.net
simurl.com
simurl.com
sina.lt
sk.gy
skroc.pl
slink.co
smll.co
sn.im
sn.vc
snip.li
snip.ly
snipli.com
snipr.com
snipurl.com
snsw.us
snurl.com
soo.gd
spedr.com
sptfy.com
sq6.ru
sqrl.it
ssl.gs
starturl.com
starturl.com
sturly.com
su.pr
surl.me
sux.cz
sy.pe
t.cn
t.co
ta.gd
tabzi.com
tau.pe
tcrn.ch
tdjt.cz
thesa.us
thinfi.com
thrdl.es
tighturl.com
tighturl.com
tin.li
tini.cc
tiny.cc
tiny.lt
tiny.ms
tiny.pl
tiny.tw
tiny123.com
tinyarro.ws
tinyarrows.com
tinytw.it
tinyurl.com
tinyurl.hu
tixsu.com
tldr.sk
tldrify.com
tllg.net
tnij.org
tnij.org
tny.cz
tny.im
to.ly
to8.cc
to8.cc
togoto.us
tohle.de
tota2.com
tpmr.com
tr.im
tr.my
tr5.in
traceurl.com
traceurl.com
trck.me
trick.ly
trkr.ws
trunc.it
turl.ca
turo.us
tweetburner.com
tweez.me
twet.fr
twirl.at
twit.ac
twitterpan.com
twitthis.com
twiturl.de
twlr.me
twurl.cc
twurl.nl
tyn.ee
u.bb
u.mavrev.com
u.nu
u.to
u6e.de
ub0.cc
uby.es
ucam.me
ug.cz
ulmt.in
unlc.us
updating.me
upzat.com
ur1.ca
url.co.uk
url.ie
url.ie
url4.eu
url5.org
urlao.com
urlbrief.com
urlcover.com
urlcut.com
urlenco.de
urlhawk.com
urlhawk.com
urlin.it
urlkiss.com
urlkr.com
urlot.com
urlpire.com
urls.fr
urlx.ie
urlx.org
urlz.fr
urlzen.com
urub.us
utfg.sk
v.gd
v.ht
v5.gd
vaza.me
vbly.us
vd55.com
verd.in
vgn.me
virl.com
vl.am
vov.li
vsll.eu
vt802.us
vur.me
vurl.com
vv.vg
vzturl.com
w1p.fr
w3t.org
waa.ai
wapurl.co.uk
wapurl.co.uk
wb1.eu
web99.eu
wed.li
wideo.fr
wif.red
wipi.es
wp.me
wtc.la
wu.cz
ww7.fr
wwy.me
x.co
x.nu
x.se
x10.mx
x2c.eu
x2c.eumx
xaddr.com
xav.cc
xeeurl.com
xeeurl.com
xgd.in
xib.me
xl8.eu
xlinkz.info
xoe.cz
xr.com
xrl.in
xrl.us
xt3.me
xtu.me
xua.me
xub.me
xurl.jp
xurls.co
xzb.cc
y.ahoo.it
y2u.be
yagoa.fr
yagoa.me
yau.sh
yeca.eu
yect.com
yep.it
yep.it
yfrog.com
yogh.me
yon.ir
youfap.me
yourls.org
youtu.be
ysear.ch
yu2.it
yweb.com
yyv.co
z9.fr
zapit.nu
zeek.ir
zi.ma
zi.pe
zip.net
zipmyurl.com
zkr.cz
zkrat.me
zkrt.cz
zoodl.com
zpag.es
zsms.net
zsms.net
zti.me
zxq.net
zz.gd
zzb.bz